<?xml version="1.0" encoding="UTF-8" ?>
<testsuite errors="0" failures="2" hostname="LAPTOP-1EQM11OG" name="com.mycompany.behappy.FindTherapistManagerTest" skipped="0" tests="2" time="0.239" timestamp="2021-02-19T12:16:52">
  <properties>
    <property name="libs.spring-framework300.classpath" value="E:\NetBeans-12.0\netbeans\platform\modules\org-apache-commons-logging.jar;E:\NetBeans-12.0\netbeans\java\modules\ext\cglib-2.2.jar;E:\NetBeans-12.0\netbeans\java\modules\ext\spring-3.0\spring-aop-3.2.18.RELEASE.jar;E:\NetBeans-12.0\netbeans\java\modules\ext\spring-3.0\spring-aspects-3.2.18.RELEASE.jar;E:\NetBeans-12.0\netbeans\java\modules\ext\spring-3.0\spring-beans-3.2.18.RELEASE.jar;E:\NetBeans-12.0\netbeans\java\modules\ext\spring-3.0\spring-context-3.2.18.RELEASE.jar;E:\NetBeans-12.0\netbeans\java\modules\ext\spring-3.0\spring-context-support-3.2.18.RELEASE.jar;E:\NetBeans-12.0\netbeans\java\modules\ext\spring-3.0\spring-core-3.2.18.RELEASE.jar;E:\NetBeans-12.0\netbeans\java\modules\ext\spring-3.0\spring-expression-3.2.18.RELEASE.jar;E:\NetBeans-12.0\netbeans\java\modules\ext\spring-3.0\spring-instrument-3.2.18.RELEASE.jar;E:\NetBeans-12.0\netbeans\java\modules\ext\spring-3.0\spring-instrument-tomcat-3.2.18.RELEASE.jar;E:\NetBeans-12.0\netbeans\java\modules\ext\spring-3.0\spring-jdbc-3.2.18.RELEASE.jar;E:\NetBeans-12.0\netbeans\java\modules\ext\spring-3.0\spring-jms-3.2.18.RELEASE.jar;E:\NetBeans-12.0\netbeans\java\modules\ext\spring-3.0\spring-orm-3.2.18.RELEASE.jar;E:\NetBeans-12.0\netbeans\java\modules\ext\spring-3.0\spring-oxm-3.2.18.RELEASE.jar;E:\NetBeans-12.0\netbeans\java\modules\ext\spring-3.0\spring-struts-3.2.18.RELEASE.jar;E:\NetBeans-12.0\netbeans\java\modules\ext\spring-3.0\spring-test-3.2.18.RELEASE.jar;E:\NetBeans-12.0\netbeans\java\modules\ext\spring-3.0\spring-tx-3.2.18.RELEASE.jar;E:\NetBeans-12.0\netbeans\java\modules\ext\spring-3.0\spring-web-3.2.18.RELEASE.jar;E:\NetBeans-12.0\netbeans\java\modules\ext\spring-3.0\spring-webmvc-3.2.18.RELEASE.jar;E:\NetBeans-12.0\netbeans\java\modules\ext\spring-3.0\spring-webmvc-portlet-3.2.18.RELEASE.jar" />
    <property name="javac.test.classpath" value="C:\Users\soaka\Downloads\jlayer-1.0.1.jar\jlayer-1.0.1.jar:C:\Users\soaka\Downloads\AnimationClass\AnimatonClass.jar:build/classes:E:\NetBeans-12.0\netbeans\platform\modules\ext\junit-jupiter-api-5.6.0.jar;E:\NetBeans-12.0\netbeans\platform\modules\ext\junit-jupiter-params-5.6.0.jar;E:\NetBeans-12.0\netbeans\platform\modules\ext\junit-jupiter-engine-5.6.0.jar:E:\NetBeans-12.0\netbeans\platform\modules\ext\junit-4.12.jar:E:\NetBeans-12.0\netbeans\platform\modules\ext\hamcrest-core-1.3.jar" />
    <property name="java.specification.version" value="14" />
    <property name="jar.index.metainf" value="false" />
    <property name="libs.spring-framework500.classpath" value="E:\NetBeans-12.0\netbeans\platform\modules\org-apache-commons-logging.jar;E:\NetBeans-12.0\netbeans\java\modules\ext\cglib-2.2.jar;E:\NetBeans-12.0\netbeans\java\modules\ext\spring-5\spring-aop-5.2.2.RELEASE.jar;E:\NetBeans-12.0\netbeans\java\modules\ext\spring-5\spring-aspects-5.2.2.RELEASE.jar;E:\NetBeans-12.0\netbeans\java\modules\ext\spring-5\spring-beans-5.2.2.RELEASE.jar;E:\NetBeans-12.0\netbeans\java\modules\ext\spring-5\spring-context-5.2.2.RELEASE.jar;E:\NetBeans-12.0\netbeans\java\modules\ext\spring-5\spring-context-indexer-5.2.2.RELEASE.jar;E:\NetBeans-12.0\netbeans\java\modules\ext\spring-5\spring-context-support-5.2.2.RELEASE.jar;E:\NetBeans-12.0\netbeans\java\modules\ext\spring-5\spring-core-5.2.2.RELEASE.jar;E:\NetBeans-12.0\netbeans\java\modules\ext\spring-5\spring-expression-5.2.2.RELEASE.jar;E:\NetBeans-12.0\netbeans\java\modules\ext\spring-5\spring-instrument-5.2.2.RELEASE.jar;E:\NetBeans-12.0\netbeans\java\modules\ext\spring-5\spring-jcl-5.2.2.RELEASE.jar;E:\NetBeans-12.0\netbeans\java\modules\ext\spring-5\spring-jdbc-5.2.2.RELEASE.jar;E:\NetBeans-12.0\netbeans\java\modules\ext\spring-5\spring-jms-5.2.2.RELEASE.jar;E:\NetBeans-12.0\netbeans\java\modules\ext\spring-5\spring-messaging-5.2.2.RELEASE.jar;E:\NetBeans-12.0\netbeans\java\modules\ext\spring-5\spring-orm-5.2.2.RELEASE.jar;E:\NetBeans-12.0\netbeans\java\modules\ext\spring-5\spring-oxm-5.2.2.RELEASE.jar;E:\NetBeans-12.0\netbeans\java\modules\ext\spring-5\spring-test-5.2.2.RELEASE.jar;E:\NetBeans-12.0\netbeans\java\modules\ext\spring-5\spring-tx-5.2.2.RELEASE.jar;E:\NetBeans-12.0\netbeans\java\modules\ext\spring-5\spring-web-5.2.2.RELEASE.jar;E:\NetBeans-12.0\netbeans\java\modules\ext\spring-5\spring-webflux-5.2.2.RELEASE.jar;E:\NetBeans-12.0\netbeans\java\modules\ext\spring-5\spring-webmvc-5.2.2.RELEASE.jar;E:\NetBeans-12.0\netbeans\java\modules\ext\spring-5\spring-websocket-5.2.2.RELEASE.jar" />
    <property name="libs.spring-webmvc4.0.javadoc" value="" />
    <property name="libs.spring-framework400.classpath" value="E:\NetBeans-12.0\netbeans\platform\modules\org-apache-commons-logging.jar;E:\NetBeans-12.0\netbeans\java\modules\ext\cglib-2.2.jar;E:\NetBeans-12.0\netbeans\java\modules\ext\spring-4\spring-aop-4.3.25.RELEASE.jar;E:\NetBeans-12.0\netbeans\java\modules\ext\spring-4\spring-aspects-4.3.25.RELEASE.jar;E:\NetBeans-12.0\netbeans\java\modules\ext\spring-4\spring-beans-4.3.25.RELEASE.jar;E:\NetBeans-12.0\netbeans\java\modules\ext\spring-4\spring-context-4.3.25.RELEASE.jar;E:\NetBeans-12.0\netbeans\java\modules\ext\spring-4\spring-context-support-4.3.25.RELEASE.jar;E:\NetBeans-12.0\netbeans\java\modules\ext\spring-4\spring-core-4.3.25.RELEASE.jar;E:\NetBeans-12.0\netbeans\java\modules\ext\spring-4\spring-expression-4.3.25.RELEASE.jar;E:\NetBeans-12.0\netbeans\java\modules\ext\spring-4\spring-instrument-4.3.25.RELEASE.jar;E:\NetBeans-12.0\netbeans\java\modules\ext\spring-4\spring-instrument-tomcat-4.3.25.RELEASE.jar;E:\NetBeans-12.0\netbeans\java\modules\ext\spring-4\spring-jdbc-4.3.25.RELEASE.jar;E:\NetBeans-12.0\netbeans\java\modules\ext\spring-4\spring-jms-4.3.25.RELEASE.jar;E:\NetBeans-12.0\netbeans\java\modules\ext\spring-4\spring-messaging-4.3.25.RELEASE.jar;E:\NetBeans-12.0\netbeans\java\modules\ext\spring-4\spring-orm-4.3.25.RELEASE.jar;E:\NetBeans-12.0\netbeans\java\modules\ext\spring-4\spring-oxm-4.3.25.RELEASE.jar;E:\NetBeans-12.0\netbeans\java\modules\ext\spring-4\spring-test-4.3.25.RELEASE.jar;E:\NetBeans-12.0\netbeans\java\modules\ext\spring-4\spring-tx-4.3.25.RELEASE.jar;E:\NetBeans-12.0\netbeans\java\modules\ext\spring-4\spring-web-4.3.25.RELEASE.jar;E:\NetBeans-12.0\netbeans\java\modules\ext\spring-4\spring-webmvc-4.3.25.RELEASE.jar;E:\NetBeans-12.0\netbeans\java\modules\ext\spring-4\spring-webmvc-portlet-4.3.25.RELEASE.jar;E:\NetBeans-12.0\netbeans\java\modules\ext\spring-4\spring-websocket-4.3.25.RELEASE.jar" />
    <property name="test.binaryincludes" value="&lt;nothing&gt;" />
    <property name="do.jlink" value="false" />
    <property name="debug-transport" value="dt_shmem" />
    <property name="libs.javaee-web-api-8.0.src" value="" />
    <property name="java.vendor.url" value="https://java.oracle.com/" />
    <property name="debug.modulepath" value="" />
    <property name="libs.jsp-compilation.src" value="" />
    <property name="libs.eclipselink.javadoc" value="E:\NetBeans-12.0\netbeans\java\modules\ext\docs\javax.persistence-2.1.0-doc.zip" />
    <property name="libs.JWSAntTasks.javadoc" value="" />
    <property name="sun.boot.library.path" value="C:\Program Files\Java\jdk-14.0.2\bin" />
    <property name="sun.java.command" value="org.apache.tools.ant.taskdefs.optional.junit.JUnitTestRunner com.mycompany.behappy.FindTherapistManagerTest skipNonTests=false filtertrace=true haltOnError=false haltOnFailure=false showoutput=true outputtoformatters=true logfailedtests=true threadid=0 logtestlistenerevents=true formatter=org.apache.tools.ant.taskdefs.optional.junit.BriefJUnitResultFormatter formatter=org.apache.tools.ant.taskdefs.optional.junit.XMLJUnitResultFormatter,F:\behappy\behappy_ant\build\test\results\TEST-com.mycompany.behappy.FindTherapistManagerTest.xml crashfile=F:\behappy\behappy_ant\build\junitvmwatcher12171318511049334065.properties propsfile=F:\behappy\behappy_ant\build\junit294123601583537611.properties" />
    <property name="jdk.debug" value="release" />
    <property name="libs.spring-framework300.src" value="" />
    <property name="javadoc.use" value="true" />
    <property name="libs.javac-api.maven-pom" value="" />
    <property name="javadoc.notree" value="false" />
    <property name="basedir" value="F:\behappy\behappy_ant" />
    <property name="application.vendor" value="soaka" />
    <property name="java.vm.specification.vendor" value="Oracle Corporation" />
    <property name="java.specification.name" value="Java Platform API Specification" />
    <property name="libs.javac-api.javadoc" value="" />
    <property name="libs.jsf20.classpath" value="E:\NetBeans-12.0\netbeans\enterprise\modules\ext\jsf-2_2\javax.faces.jar" />
    <property name="netbeans.extbrowser.manual_chrome_plugin_install" value="yes" />
    <property name="libs.spring-framework500.javadoc" value="" />
    <property name="netbeans.default_userdir_root" value="C:\Users\soaka\AppData\Roaming\NetBeans" />
    <property name="libs.jsp-compilation-syscp.src" value="" />
    <property name="jdk.home" value="C:\Program Files\Java\jdk-14.0.2" />
    <property name="java.runtime.version" value="14.0.2+12-46" />
    <property name="libs.eclipselink.maven-pom" value="" />
    <property name="libs.metro.maven-pom" value="" />
    <property name="libs.JAXB-ENDORSED.javadoc" value="" />
    <property name="sun.java2d.noddraw" value="true" />
    <property name="sun.zip.disableMemoryMapping" value="true" />
    <property name="libs.maven-dependencies.maven-pom" value="" />
    <property name="jnidispatch.path" value="C:\Users\soaka\AppData\Local\Temp\jna-109608347\jna12666821671492117232.dll" />
    <property name="libs.jsp-compilation.javadoc" value="" />
    <property name="libs.jsf12.src" value="" />
    <property name="libs.primefaces.javadoc" value="" />
    <property name="libs.groovy-all.maven-pom" value="" />
    <property name="libs.restapi.src" value="" />
    <property name="libs.junit_5.javadoc" value="E:\NetBeans-12.0\netbeans\platform\docs\junit-jupiter-api-5.6.0-javadoc.jar;E:\NetBeans-12.0\netbeans\platform\docs\junit-jupiter-params-5.6.0-javadoc.jar;E:\NetBeans-12.0\netbeans\platform\docs\junit-jupiter-engine-5.6.0-javadoc.jar" />
    <property name="dist.archive.excludes" value="" />
    <property name="java.io.tmpdir" value="C:\Users\soaka\AppData\Local\Temp\" />
    <property name="java.version" value="14.0.2" />
    <property name="java.vm.specification.name" value="Java Virtual Machine Specification" />
    <property name="java.library.path" value="C:\Program Files\Java\jdk-14.0.2\bin;C:\WINDOWS\Sun\Java\bin;C:\WINDOWS\system32;C:\WINDOWS;C:\Program Files\NVIDIA GPU Computing Toolkit\CUDA\v10.1\bin;C:\Program Files\NVIDIA GPU Computing Toolkit\CUDA\v10.1\libnvvp;C:\Windows\system32;C:\Windows;C:\Windows\System32\Wbem;C:\Windows\System32\WindowsPowerShell\v1.0\;C:\Windows\System32\OpenSSH\;C:\Program Files (x86)\NVIDIA Corporation\PhysX\Common;C:\Program Files\NVIDIA Corporation\NVIDIA NvDLISR;C:\WINDOWS\system32;C:\WINDOWS;C:\WINDOWS\System32\Wbem;C:\WINDOWS\System32\WindowsPowerShell\v1.0\;C:\WINDOWS\System32\OpenSSH\;C:\Program Files\NVIDIA Corporation\Nsight Compute 2019.4.0\;C:\Program Files\Git\cmd;C:\Program Files\nodejs\;C:\Program Files (x86)\Yarn\bin\;C:\MinGW\bin;C:\Program Files\Amazon\AWSCLIV2\;C:\Program Files (x86)\GnuWin32\bin;C:\Users\soaka\AppData\Local\Continuum\anaconda3;C:\Users\soaka\AppData\Local\Continuum\anaconda3\Library\mingw-w64\bin;C:\Users\soaka\AppData\Local\Continuum\anaconda3\Library\usr\bin;C:\Users\soaka\AppData\Local\Continuum\anaconda3\Library\bin;C:\Users\soaka\AppData\Local\Continuum\anaconda3\Scripts;C:\Users\soaka\AppData\Local\Microsoft\WindowsApps;C:\Program Files\JetBrains\PyCharm Community Edition 2019.2.3\bin;C:\Users\soaka\AppData\Local\Programs\Microsoft VS Code\bin;C:\Program Files\NVIDIA GPU Computing Toolkit\CUDA\v10.1\lib;C:\Users\soaka\AppData\Roaming\npm;C:\Users\soaka\AppData\Local\Yarn\bin;C:\Users\soaka\AppData\Local\Tesseract-OCR;C:\Program Files\CMake\bin;G:\CLion 2020.1.1\bin;C:\Program Files\JetBrains\PyCharm 2020.1.1\bin;C:\MinGW\bin;C:\Program Files (x86)\GnuWin32\bin;C:\Program Files\Java\jdk-14.0.2\bin;D:\gitcli\;." />
    <property name="libs.hamcrest.src" value="" />
    <property name="java.vendor" value="Oracle Corporation" />
    <property name="libs.groovy-all.src" value="" />
    <property name="libs.testng.javadoc" value="E:\NetBeans-12.0\netbeans\platform\docs\testng-6.8.1-javadoc.zip" />
    <property name="meta.inf.dir" value="src/META-INF" />
    <property name="run.upgrademodulepath" value="" />
    <property name="compile.on.save" value="true" />
    <property name="libs.testng.maven-pom" value="" />
    <property name="jlink.additionalparam" value="" />
    <property name="org.openide.version" value="deprecated" />
    <property name="test.includes" value="com/mycompany/behappy/FindTherapistManagerTest.java" />
    <property name="run.classpath" value="C:\Users\soaka\Downloads\jlayer-1.0.1.jar\jlayer-1.0.1.jar:C:\Users\soaka\Downloads\AnimationClass\AnimatonClass.jar:build/classes" />
    <property name="libs.jaxb.src" value="" />
    <property name="sun.awt.enableExtraMouseButtons" value="true" />
    <property name="test.src.dir" value="test" />
    <property name="org.openide.major.version" value="IDE/1" />
    <property name="libs.spring-framework300.javadoc" value="" />
    <property name="ap.proc.none.internal" value="" />
    <property name="org.openide.specification.version" value="6.2" />
    <property name="user.timezone" value="Asia/Calcutta" />
    <property name="jar.index" value="false" />
    <property name="libs.jpa20-persistence.classpath" value="E:\NetBeans-12.0\netbeans\java\modules\ext\eclipselink\javax.persistence-2.1.0.jar" />
    <property name="libs.eclipselinkmodelgen.javadoc" value="" />
    <property name="java.vm.specification.version" value="14" />
    <property name="libs.junit_5.classpath" value="E:\NetBeans-12.0\netbeans\platform\modules\ext\junit-jupiter-api-5.6.0.jar;E:\NetBeans-12.0\netbeans\platform\modules\ext\junit-jupiter-params-5.6.0.jar;E:\NetBeans-12.0\netbeans\platform\modules\ext\junit-jupiter-engine-5.6.0.jar" />
    <property name="javadoc.noindex" value="false" />
    <property name="javadoc.private" value="false" />
    <property name="libs.spring-webmvc4.0.maven-pom" value="" />
    <property name="libs.JAXB-ENDORSED.maven-pom" value="" />
    <property name="user.home" value="C:\Users\soaka" />
    <property name="libs.eclipselinkmodelgen.maven-pom" value="" />
    <property name="have.sources" value="true" />
    <property name="annotation.processing.processors.list" value="" />
    <property name="jlink.launcher" value="true" />
    <property name="javac.deprecation" value="false" />
    <property name="build.generated.sources.dir" value="build/generated-sources" />
    <property name="plugin.manager.check.updates" value="false" />
    <property name="netbeans.autoupdate.language" value="en" />
    <property name="libs.eclipselinkmodelgen.src" value="" />
    <property name="build.compiler.emacs" value="true" />
    <property name="build.classes.excludes" value="**/*.java,**/*.form" />
    <property name="dist.jar" value="dist/behappy_ant.jar" />
    <property name="libs.spring-webmvc4.0.classpath" value="E:\NetBeans-12.0\netbeans\java\modules\ext\spring-4\spring-webmvc-4.3.25.RELEASE.jar" />
    <property name="modules.supported.internal" value="true" />
    <property name="libs.javaee-endorsed-api-7.0.javadoc" value="E:\NetBeans-12.0\netbeans\enterprise\docs\javaee-doc-api.jar" />
    <property name="os.version" value="10.0" />
    <property name="netbeans.home" value="E:\NetBeans-12.0\netbeans\platform" />
    <property name="libs.CopyLibs.javadoc" value="" />
    <property name="debug-transport-by-os" value="dt_shmem" />
    <property name="libs.javaee-api-8.0.javadoc" value="E:\NetBeans-12.0\netbeans\enterprise\docs\javaee-doc-api.jar" />
    <property name="libs.jsf20.src" value="" />
    <property name="java.vm.name" value="Java HotSpot(TM) 64-Bit Server VM" />
    <property name="unnamed.module.internal" value="true" />
    <property name="libs.jstl.javadoc" value="E:\NetBeans-12.0\netbeans\enterprise\docs\javaee-doc-api.jar" />
    <property name="libs.javaee-endorsed-api-7.0.maven-pom" value="" />
    <property name="libs.jaxws21.classpath" value="E:\NetBeans-12.0\netbeans\ide\modules\ext\jaxb\jaxb-impl.jar;E:\NetBeans-12.0\netbeans\ide\modules\ext\jaxb\jaxb-xjc.jar;E:\NetBeans-12.0\netbeans\java\modules\ext\jaxws22\FastInfoset.jar;E:\NetBeans-12.0\netbeans\java\modules\ext\jaxws22\gmbal-api-only.jar;E:\NetBeans-12.0\netbeans\java\modules\ext\jaxws22\ha-api.jar;E:\NetBeans-12.0\netbeans\java\modules\ext\jaxws22\javax.mail_1.4.jar;E:\NetBeans-12.0\netbeans\java\modules\ext\jaxws22\jaxws-rt.jar;E:\NetBeans-12.0\netbeans\java\modules\ext\jaxws22\jaxws-tools.jar;E:\NetBeans-12.0\netbeans\java\modules\ext\jaxws22\management-api.jar;E:\NetBeans-12.0\netbeans\java\modules\ext\jaxws22\mimepull.jar;E:\NetBeans-12.0\netbeans\java\modules\ext\jaxws22\policy.jar;E:\NetBeans-12.0\netbeans\java\modules\ext\jaxws22\saaj-impl.jar;E:\NetBeans-12.0\netbeans\java\modules\ext\jaxws22\stax-ex.jar;E:\NetBeans-12.0\netbeans\java\modules\ext\jaxws22\stax2-api.jar;E:\NetBeans-12.0\netbeans\java\modules\ext\jaxws22\streambuffer.jar;E:\NetBeans-12.0\netbeans\java\modules\ext\jaxws22\woodstox-core-asl.jar;E:\NetBeans-12.0\netbeans\java\modules\ext\jaxws22\api\jaxws-api.jar;E:\NetBeans-12.0\netbeans\java\modules\ext\jaxws22\api\jsr181-api.jar;E:\NetBeans-12.0\netbeans\java\modules\ext\jaxws22\api\javax.annotation.jar;E:\NetBeans-12.0\netbeans\java\modules\ext\jaxws22\api\saaj-api.jar;E:\NetBeans-12.0\netbeans\ide\modules\ext\jaxb\activation.jar;E:\NetBeans-12.0\netbeans\ide\modules\ext\jaxb\api\jaxb-api.jar" />
    <property name="libs.restapi.classpath" value="E:\NetBeans-12.0\netbeans\enterprise\modules\ext\jaxrs-2.0\javax.ws.rs-api-2.0.jar" />
    <property name="os.arch" value="amd64" />
    <property name="build.generated.dir" value="build/generated" />
    <property name="libs.groovy-all.javadoc" value="" />
    <property name="libs.AnimationClass.maven-pom" value="" />
    <property name="libs.javaee-web-api-7.0.javadoc" value="E:\NetBeans-12.0\netbeans\enterprise\docs\javaee-doc-api.jar" />
    <property name="libs.jsf12.maven-pom" value="" />
    <property name="libs.javaee-endorsed-api-7.0.classpath" value="E:\NetBeans-12.0\netbeans\enterprise\modules\ext\javaee7-endorsed\javax.annotation-api.jar;E:\NetBeans-12.0\netbeans\enterprise\modules\ext\javaee7-endorsed\javax.xml.soap-api.jar;E:\NetBeans-12.0\netbeans\enterprise\modules\ext\javaee7-endorsed\jaxb-api-osgi.jar;E:\NetBeans-12.0\netbeans\enterprise\modules\ext\javaee7-endorsed\jaxws-api.jar;E:\NetBeans-12.0\netbeans\enterprise\modules\ext\javaee7-endorsed\jsr181-api.jar" />
    <property name="org.netbeans.io.suspend" value="0" />
    <property name="libs.primefaces.maven-pom" value="" />
    <property name="ant.project.name" value="behappy_ant" />
    <property name="dist.javadoc.dir" value="dist/javadoc" />
    <property name="default.javac.target" value="14" />
    <property name="javac.fork" value="true" />
    <property name="libs.eclipselink.classpath" value="E:\NetBeans-12.0\netbeans\java\modules\ext\eclipselink\org.eclipse.persistence.core-2.5.2.jar;E:\NetBeans-12.0\netbeans\java\modules\ext\eclipselink\org.eclipse.persistence.asm-2.5.2.jar;E:\NetBeans-12.0\netbeans\java\modules\ext\eclipselink\org.eclipse.persistence.antlr-2.5.2.jar;E:\NetBeans-12.0\netbeans\java\modules\ext\eclipselink\org.eclipse.persistence.jpa-2.5.2.jar;E:\NetBeans-12.0\netbeans\java\modules\ext\eclipselink\org.eclipse.persistence.jpa.jpql-2.5.2.jar;E:\NetBeans-12.0\netbeans\java\modules\ext\eclipselink\javax.persistence-2.1.0.jar" />
    <property name="libs.javac-api.classpath" value="" />
    <property name="ant.file.behappy_ant" value="F:\behappy\behappy_ant\build.xml" />
    <property name="libs.struts.classpath" value="E:\NetBeans-12.0\netbeans\enterprise\modules\ext\struts\antlr-2.7.2.jar;E:\NetBeans-12.0\netbeans\enterprise\modules\ext\struts\bsf-2.3.0.jar;E:\NetBeans-12.0\netbeans\enterprise\modules\ext\struts\commons-beanutils-1.8.0.jar;E:\NetBeans-12.0\netbeans\enterprise\modules\ext\struts\commons-chain-1.2.jar;E:\NetBeans-12.0\netbeans\enterprise\modules\ext\struts\commons-digester-1.8.jar;E:\NetBeans-12.0\netbeans\enterprise\modules\ext\struts\commons-fileupload-1.1.1.jar;E:\NetBeans-12.0\netbeans\enterprise\modules\ext\struts\commons-io-1.1.jar;E:\NetBeans-12.0\netbeans\enterprise\modules\ext\struts\commons-logging-1.0.4.jar;E:\NetBeans-12.0\netbeans\enterprise\modules\ext\struts\commons-validator-1.3.1.jar;E:\NetBeans-12.0\netbeans\enterprise\modules\ext\struts\jstl-1.0.2.jar;E:\NetBeans-12.0\netbeans\enterprise\modules\ext\struts\oro-2.0.8.jar;E:\NetBeans-12.0\netbeans\enterprise\modules\ext\struts\standard-1.0.6.jar;E:\NetBeans-12.0\netbeans\enterprise\modules\ext\struts\struts-core-1.3.10.jar;E:\NetBeans-12.0\netbeans\enterprise\modules\ext\struts\struts-el-1.3.10.jar;E:\NetBeans-12.0\netbeans\enterprise\modules\ext\struts\struts-extras-1.3.10.jar;E:\NetBeans-12.0\netbeans\enterprise\modules\ext\struts\struts-faces-1.3.10.jar;E:\NetBeans-12.0\netbeans\enterprise\modules\ext\struts\struts-mailreader-dao-1.3.10.jar;E:\NetBeans-12.0\netbeans\enterprise\modules\ext\struts\struts-scripting-1.3.10.jar;E:\NetBeans-12.0\netbeans\enterprise\modules\ext\struts\struts-taglib-1.3.10.jar;E:\NetBeans-12.0\netbeans\enterprise\modules\ext\struts\struts-tiles-1.3.10.jar" />
    <property name="libs.PostgreSQLDriver.maven-pom" value="" />
    <property name="libs.absolutelayout.src" value="" />
    <property name="testng.mode" value="testng" />
    <property name="annotation.processing.enabled.in.editor" value="false" />
    <property name="java.vm.compressedOopsMode" value="32-bit" />
    <property name="netbeans.productversion" value="Apache NetBeans IDE 12.0" />
    <property name="mkdist.disabled" value="false" />
    <property name="libs.javaee-web-api-6.0.javadoc" value="E:\NetBeans-12.0\netbeans\enterprise\docs\javaee-doc-api.jar" />
    <property name="libs.javaee-api-7.0.maven-pom" value="" />
    <property name="libs.groovy-all.classpath" value="E:\NetBeans-12.0\netbeans\groovy\modules\ext\groovy.jar;E:\NetBeans-12.0\netbeans\groovy\modules\ext\groovy-ant.jar" />
    <property name="ant.file.type.behappy_ant" value="file" />
    <property name="libs.absolutelayout.javadoc" value="" />
    <property name="module.build.classes.dir" value="build/classes" />
    <property name="annotation.processing.processor.options" value="" />
    <property name="libs.jaxb.maven-pom" value="" />
    <property name="file.reference.AnimatonClass.jar" value="C:\Users\soaka\Downloads\AnimationClass\AnimatonClass.jar" />
    <property name="libs.javaee-api-6.0.maven-pom" value="" />
    <property name="dist.dir" value="dist" />
    <property name="build.dir" value="build" />
    <property name="netbeans.autoupdate.variant" value="" />
    <property name="javadoc.version" value="false" />
    <property name="libs.metro.src" value="" />
    <property name="libs.metro.classpath" value="E:\NetBeans-12.0\netbeans\ide\modules\ext\jaxb\activation.jar;E:\NetBeans-12.0\netbeans\enterprise\modules\ext\metro\webservices-api.jar;E:\NetBeans-12.0\netbeans\enterprise\modules\ext\metro\webservices-extra-api.jar;E:\NetBeans-12.0\netbeans\enterprise\modules\ext\metro\webservices-extra.jar;E:\NetBeans-12.0\netbeans\enterprise\modules\ext\metro\webservices-rt.jar;E:\NetBeans-12.0\netbeans\enterprise\modules\ext\metro\webservices-tools.jar" />
    <property name="libs.CopyLibs.classpath" value="E:\NetBeans-12.0\netbeans\java\ant\extra\org-netbeans-modules-java-j2seproject-copylibstask.jar" />
    <property name="sun.os.patch.level" value="" />
    <property name="ant.file.type.behappy_ant-impl" value="file" />
    <property name="javadoc.html5" value="false" />
    <property name="javac.test.processorpath" value="C:\Users\soaka\Downloads\jlayer-1.0.1.jar\jlayer-1.0.1.jar:C:\Users\soaka\Downloads\AnimationClass\AnimatonClass.jar:build/classes:E:\NetBeans-12.0\netbeans\platform\modules\ext\junit-jupiter-api-5.6.0.jar;E:\NetBeans-12.0\netbeans\platform\modules\ext\junit-jupiter-params-5.6.0.jar;E:\NetBeans-12.0\netbeans\platform\modules\ext\junit-jupiter-engine-5.6.0.jar:E:\NetBeans-12.0\netbeans\platform\modules\ext\junit-4.12.jar:E:\NetBeans-12.0\netbeans\platform\modules\ext\hamcrest-core-1.3.jar" />
    <property name="libs.javaee-web-api-7.0.maven-pom" value="" />
    <property name="libs.javaee-web-api-8.0.maven-pom" value="" />
    <property name="netbeans.dirs" value="E:\NetBeans-12.0\netbeans\nb;E:\NetBeans-12.0\netbeans\ergonomics;E:\NetBeans-12.0\netbeans\ide;E:\NetBeans-12.0\netbeans\extide;E:\NetBeans-12.0\netbeans\java;E:\NetBeans-12.0\netbeans\apisupport;E:\NetBeans-12.0\netbeans\webcommon;E:\NetBeans-12.0\netbeans\websvccommon;E:\NetBeans-12.0\netbeans\enterprise;E:\NetBeans-12.0\netbeans\mobility;E:\NetBeans-12.0\netbeans\profiler;E:\NetBeans-12.0\netbeans\python;E:\NetBeans-12.0\netbeans\php;E:\NetBeans-12.0\netbeans\identity;E:\NetBeans-12.0\netbeans\harness;E:\NetBeans-12.0\netbeans\cnd;E:\NetBeans-12.0\netbeans\cndext;E:\NetBeans-12.0\netbeans\dlight;E:\NetBeans-12.0\netbeans\groovy;E:\NetBeans-12.0\netbeans\extra;E:\NetBeans-12.0\netbeans\javacard;E:\NetBeans-12.0\netbeans\javafx" />
    <property name="libs.AnimationClass.src" value="" />
    <property name="libs.hamcrest.maven-pom" value="" />
    <property name="javac.processorpath" value="C:\Users\soaka\Downloads\jlayer-1.0.1.jar\jlayer-1.0.1.jar:C:\Users\soaka\Downloads\AnimationClass\AnimatonClass.jar" />
    <property name="libs.javaee-api-6.0.javadoc" value="E:\NetBeans-12.0\netbeans\enterprise\docs\javaee-doc-api.jar" />
    <property name="libs.JWSAntTasks.maven-pom" value="" />
    <property name="run.modulepath" value="" />
    <property name="javac.upgrademodulepath" value="" />
    <property name="do.archive+manifest.available" value="true" />
    <property name="apple.laf.useScreenMenuBar" value="true" />
    <property name="ant.file.behappy_ant-impl" value="F:\behappy\behappy_ant\nbproject\build-impl.xml" />
    <property name="user.country" value="IN" />
    <property name="sun.java.launcher" value="SUN_STANDARD" />
    <property name="libs.restapi.javadoc" value="" />
    <property name="libs.jpa20-persistence.src" value="" />
    <property name="endorsed.classpath" value="" />
    <property name="javac.test.sourcepath" value="F:\behappy\behappy_ant\build\empty" />
    <property name="libs.spring-webmvc3.0.maven-pom" value="" />
    <property name="includes" value="**" />
    <property name="libs.jsf12.javadoc" value="E:\NetBeans-12.0\netbeans\enterprise\docs\javaee-doc-api.jar" />
    <property name="libs.hamcrest.classpath" value="E:\NetBeans-12.0\netbeans\platform\modules\ext\hamcrest-core-1.3.jar" />
    <property name="javadoc.splitindex" value="true" />
    <property name="libs.JWSAntTasks.classpath" value="E:\NetBeans-12.0\netbeans\java\ant\extra\org-netbeans-modules-javawebstart-anttasks.jar" />
    <property name="junit.available" value="true" />
    <property name="javac.processormodulepath" value="" />
    <property name="javadoc.encoding" value="UTF-8" />
    <property name="libs.jsp-compilation-syscp.maven-pom" value="" />
    <property name="netbeans.hash.code" value="unique=NB_EXTIDE_JAVA_PHP_WEBCOMMON_WEBEE08dcee8c8-e6c4-4808-8a1d-eb202f751a73_9a9b2a44-8720-48a9-8707-ebf999efd909" />
    <property name="libs.jstl.src" value="" />
    <property name="jlink.strip" value="false" />
    <property name="libs.spring-webmvc3.0.classpath" value="" />
    <property name="java.runtime.name" value="Java(TM) SE Runtime Environment" />
    <property name="libs.jaxb.javadoc" value="E:\NetBeans-12.0\netbeans\ide\docs\jaxb-api-doc.jar" />
    <property name="manifest.available" value="true" />
    <property name="libs.spring-framework500.maven-pom" value="" />
    <property name="run.jvmargs.ide" value="" />
    <property name="ant.core.lib" value="E:\NetBeans-12.0\netbeans\extide\ant\lib\ant.jar" />
    <property name="libs.jsp-compilation.maven-pom" value="" />
    <property name="javac.profile.cmd.line.arg" value="" />
    <property name="application.title" value="behappy_ant" />
    <property name="do.archive+main.class.available" value="true" />
    <property name="javac.test.modulepath" value="" />
    <property name="libs.PostgreSQLDriver.javadoc" value="" />
    <property name="libs.jsp-compilation-syscp.classpath" value="E:\NetBeans-12.0\netbeans\extide\ant\lib\ant.jar;E:\NetBeans-12.0\netbeans\enterprise\modules\ext\servlet3.1-jsp2.3-api.jar;E:\NetBeans-12.0\netbeans\enterprise\modules\ext\glassfish-jspparser-4.0.jar;E:\NetBeans-12.0\netbeans\enterprise\modules\ext\jstl-impl.jar;E:\NetBeans-12.0\netbeans\enterprise\modules\ext\jsf-2_2\javax.faces.jar" />
    <property name="libs.jsp-compilation.classpath" value="E:\NetBeans-12.0\netbeans\extide\ant\lib\ant.jar;E:\NetBeans-12.0\netbeans\enterprise\modules\ext\servlet3.1-jsp2.3-api.jar;E:\NetBeans-12.0\netbeans\enterprise\modules\ext\glassfish-jspparser-4.0.jar;E:\NetBeans-12.0\netbeans\enterprise\modules\ext\jsf-2_2\javax.faces.jar;E:\NetBeans-12.0\netbeans\enterprise\modules\ext\jstl-api.jar;E:\NetBeans-12.0\netbeans\extide\ant\lib\ant-launcher.jar" />
    <property name="libs.javaee-api-6.0.classpath" value="E:\NetBeans-12.0\netbeans\enterprise\modules\ext\javaee-api-6.0.jar" />
    <property name="javac.includesfile.binary" value="F:\behappy\behappy_ant\null1614703969" />
    <property name="libs.javaee-api-7.0.classpath" value="E:\NetBeans-12.0\netbeans\enterprise\modules\ext\javaee-api-7.0.jar" />
    <property name="sun.cpu.isalist" value="amd64" />
    <property name="libs.restapi.maven-pom" value="" />
    <property name="do.depend" value="false" />
    <property name="javadoc.preview" value="true" />
    <property name="sun.arch.data.model" value="64" />
    <property name="nb.show.statistics.ui" value="usageStatisticsEnabled" />
    <property name="libs.javaee-endorsed-api-7.0.src" value="" />
    <property name="annotation.processing.enabled" value="true" />
    <property name="libs.junit_5.src" value="E:\NetBeans-12.0\netbeans\platform\docs\junit-jupiter-api-5.6.0-sources.jar;E:\NetBeans-12.0\netbeans\platform\docs\junit-jupiter-params-5.6.0-sources.jar;E:\NetBeans-12.0\netbeans\platform\docs\junit-jupiter-engine-5.6.0-sources.jar" />
    <property name="libs.jaxb.classpath" value="E:\NetBeans-12.0\netbeans\ide\modules\ext\jaxb\jaxb-impl.jar;E:\NetBeans-12.0\netbeans\ide\modules\ext\jaxb\jaxb-xjc.jar;E:\NetBeans-12.0\netbeans\ide\modules\ext\jaxb\jaxb1-impl.jar;E:\NetBeans-12.0\netbeans\ide\modules\ext\jaxb\activation.jar;E:\NetBeans-12.0\netbeans\ide\modules\ext\jaxb\api\jaxb-api.jar" />
    <property name="libs.javaee-api-8.0.classpath" value="E:\NetBeans-12.0\netbeans\enterprise\modules\ext\javaee-api-8.0.jar" />
    <property name="libs.CopyLibs.src" value="" />
    <property name="javac.source" value="14" />
    <property name="java.specification.vendor" value="Oracle Corporation" />
    <property name="java.version.date" value="2020-07-14" />
    <property name="java.home" value="C:\Program Files\Java\jdk-14.0.2" />
    <property name="work.dir" value="F:\behappy\behappy_ant" />
    <property name="javac.test.compilerargs" value="" />
    <property name="jna.boot.library.name" value="jnidispatch-nb" />
    <property name="libs.PostgreSQLDriver.classpath" value="E:\NetBeans-12.0\netbeans\ide\modules\ext\postgresql-42.2.10.jar" />
    <property name="libs.spring-webmvc3.0.javadoc" value="" />
    <property name="libs.JAXB-ENDORSED.src" value="" />
    <property name="manifest.encoding" value="UTF-8" />
    <property name="user.script" value="" />
    <property name="libs.spring-framework400.src" value="" />
    <property name="sun.management.compiler" value="HotSpot 64-Bit Tiered Compilers" />
    <property name="run.test.modulepath" value="" />
    <property name="libs.maven-dependencies.src" value="" />
    <property name="libs.javaee-web-api-6.0.classpath" value="E:\NetBeans-12.0\netbeans\enterprise\modules\ext\javaee-web-api-6.0.jar" />
    <property name="libs.jsp-compiler.javadoc" value="" />
    <property name="debug.test.modulepath" value="" />
    <property name="libs.javaee-web-api-7.0.classpath" value="E:\NetBeans-12.0\netbeans\enterprise\modules\ext\javaee-web-api-7.0.jar" />
    <property name="file.encoding" value="Cp1252" />
    <property name="java.util.logging.config.class" value="org.netbeans.core.startup.TopLogging" />
    <property name="https.nonProxyHosts" value="localhost|127.0.0.1|LAPTOP-1EQM11OG" />
    <property name="libs.restlib.javadoc" value="" />
    <property name="libs.absolutelayout.classpath" value="E:\NetBeans-12.0\netbeans\java\modules\ext\AbsoluteLayout.jar" />
    <property name="org.openide.awt.ActionReference.completion" value="org.netbeans.modules.apisupport.project.layers.PathCompletions" />
    <property name="do.archive" value="true" />
    <property name="libs.struts.maven-pom" value="" />
    <property name="built-jar.properties" value="F:\behappy\behappy_ant\build\built-jar.properties" />
    <property name="nb.native.filechooser" value="false" />
    <property name="libs.testng.src" value="" />
    <property name="platform.active" value="default_platform" />
    <property name="libs.javaee-web-api-8.0.classpath" value="E:\NetBeans-12.0\netbeans\enterprise\modules\ext\javaee-web-api-8.0.jar" />
    <property name="manifest.file" value="manifest.mf" />
    <property name="sun.io.unicode.encoding" value="UnicodeLittle" />
    <property name="libs.struts.javadoc" value="E:\NetBeans-12.0\netbeans\enterprise\docs\struts-1.3.10-javadoc.zip" />
    <property name="default.javac.source" value="14" />
    <property name="libs.javaee-web-api-8.0.javadoc" value="E:\NetBeans-12.0\netbeans\enterprise\docs\javaee-doc-api.jar" />
    <property name="netbeans.dynamic.classpath" value="E:\NetBeans-12.0\netbeans\platform\core\asm-7.2.jar;E:\NetBeans-12.0\netbeans\platform\core\asm-commons-7.2.jar;E:\NetBeans-12.0\netbeans\platform\core\asm-tree-7.2.jar;E:\NetBeans-12.0\netbeans\platform\core\core-base.jar;E:\NetBeans-12.0\netbeans\platform\core\core.jar;E:\NetBeans-12.0\netbeans\platform\core\org-netbeans-libs-asm.jar;E:\NetBeans-12.0\netbeans\platform\core\org-openide-filesystems-compat8.jar;E:\NetBeans-12.0\netbeans\platform\core\org-openide-filesystems.jar;E:\NetBeans-12.0\netbeans\nb\core\org-netbeans-upgrader.jar;E:\NetBeans-12.0\netbeans\nb\core\locale\core_nb.jar" />
    <property name="libs.eclipselinkmodelgen.classpath" value="E:\NetBeans-12.0\netbeans\java\modules\ext\eclipselink\org.eclipse.persistence.jpa.modelgen.processor-2.5.2.jar" />
    <property name="javac.systemmodulepath.cmd.line.arg" value="" />
    <property name="netbeans.buildnumber" value="12.0-631bd69cd6112b1cc4c892c24e3e605b1ba04241" />
    <property name="php.global.include.path" value="" />
    <property name="endorsed.classpath.cmd.line.arg" value="" />
    <property name="libs.jpa20-persistence.maven-pom" value="" />
    <property name="libs.AnimationClass.javadoc" value="" />
    <property name="os.name" value="Windows 10" />
    <property name="libs.CopyLibs.maven-pom" value="" />
    <property name="build.sysclasspath" value="ignore" />
    <property name="jdkBug6558476" value="false" />
    <property name="javadoc.author" value="false" />
    <property name="http.nonProxyHosts" value="localhost|127.0.0.1|LAPTOP-1EQM11OG" />
    <property name="main.class" value="com.mycompany.behappy.DisplayManager" />
    <property name="libs.jsp-compilation-syscp.javadoc" value="" />
    <property name="source.encoding" value="UTF-8" />
    <property name="jar.compress" value="false" />
    <property name="libs.javaee-api-7.0.javadoc" value="E:\NetBeans-12.0\netbeans\enterprise\docs\javaee-doc-api.jar" />
    <property name="libs.spring-webmvc5.0.src" value="" />
    <property name="libs.jsf20.maven-pom" value="" />
    <property name="libs.restlib.classpath" value="E:\NetBeans-12.0\netbeans\enterprise\modules\ext\jersey2\ext\asm-all-repackaged-2.2.0-b21.jar;E:\NetBeans-12.0\netbeans\enterprise\modules\ext\jersey2\ext\cglib-2.2.0-b21.jar;E:\NetBeans-12.0\netbeans\enterprise\modules\ext\jersey2\ext\guava-14.0.1.jar;E:\NetBeans-12.0\netbeans\enterprise\modules\ext\jersey2\ext\hk2-api-2.2.0-b21.jar;E:\NetBeans-12.0\netbeans\enterprise\modules\ext\jersey2\ext\hk2-locator-2.2.0-b21.jar;E:\NetBeans-12.0\netbeans\enterprise\modules\ext\jersey2\ext\hk2-utils-2.2.0-b21.jar;E:\NetBeans-12.0\netbeans\enterprise\modules\ext\jersey2\ext\javax.annotation-api-1.2.jar;E:\NetBeans-12.0\netbeans\enterprise\modules\ext\jersey2\ext\javax.inject-2.2.0-b21.jar;E:\NetBeans-12.0\netbeans\enterprise\modules\ext\jersey2\ext\javax.servlet-api-3.0.1.jar;E:\NetBeans-12.0\netbeans\enterprise\modules\ext\jersey2\ext\jaxb-api-2.2.7.jar;E:\NetBeans-12.0\netbeans\enterprise\modules\ext\jersey2\ext\jersey-entity-filtering-2.5.1.jar;E:\NetBeans-12.0\netbeans\enterprise\modules\ext\jersey2\ext\jersey-media-moxy-2.5.1.jar;E:\NetBeans-12.0\netbeans\enterprise\modules\ext\jersey2\ext\org.osgi.core-4.2.0.jar;E:\NetBeans-12.0\netbeans\enterprise\modules\ext\jersey2\ext\osgi-resource-locator-1.0.1.jar;E:\NetBeans-12.0\netbeans\enterprise\modules\ext\jersey2\ext\persistence-api-1.0.jar;E:\NetBeans-12.0\netbeans\enterprise\modules\ext\jersey2\ext\validation-api-1.1.0.Final.jar;E:\NetBeans-12.0\netbeans\enterprise\modules\ext\jersey2\jersey-client.jar;E:\NetBeans-12.0\netbeans\enterprise\modules\ext\jersey2\jersey-common.jar;E:\NetBeans-12.0\netbeans\enterprise\modules\ext\jersey2\jersey-container-servlet.jar;E:\NetBeans-12.0\netbeans\enterprise\modules\ext\jersey2\jersey-container-servlet-core.jar;E:\NetBeans-12.0\netbeans\enterprise\modules\ext\jersey2\jersey-server.jar;E:\NetBeans-12.0\netbeans\java\modules\ext\eclipselink\org.eclipse.persistence.core-2.5.2.jar;E:\NetBeans-12.0\netbeans\java\modules\ext\eclipselink\org.eclipse.persistence.asm-2.5.2.jar;E:\NetBeans-12.0\netbeans\java\modules\ext\eclipselink\org.eclipse.persistence.antlr-2.5.2.jar;E:\NetBeans-12.0\netbeans\java\modules\ext\eclipselink\org.eclipse.persistence.jpa-2.5.2.jar;E:\NetBeans-12.0\netbeans\java\modules\ext\eclipselink\org.eclipse.persistence.jpa.jpql-2.5.2.jar" />
    <property name="apple.awt.graphics.UseQuartz" value="true" />
    <property name="run.jvmargs" value="" />
    <property name="libs.primefaces.src" value="" />
    <property name="ant.file" value="F:\behappy\behappy_ant\build.xml" />
    <property name="libs.struts.src" value="" />
    <property name="path.separator" value=";" />
    <property name="libs.JAXB-ENDORSED.classpath" value="E:\NetBeans-12.0\netbeans\ide\modules\ext\jaxb\api\jaxb-api.jar" />
    <property name="libs.restlib.src" value="" />
    <property name="build.test.results.dir" value="build/test/results" />
    <property name="libs.jaxws21.javadoc" value="E:\NetBeans-12.0\netbeans\java\docs\jaxws-api-doc.zip" />
    <property name="libs.spring-framework400.maven-pom" value="" />
    <property name="ap.processors.internal" value="" />
    <property name="module.name" value="" />
    <property name="libs.jsf12.classpath" value="E:\NetBeans-12.0\netbeans\enterprise\modules\ext\jsf-1_2\jsf-api.jar;E:\NetBeans-12.0\netbeans\enterprise\modules\ext\jsf-1_2\jsf-impl.jar" />
    <property name="libs.spring-webmvc5.0.javadoc" value="" />
    <property name="libs.spring-framework400.javadoc" value="" />
    <property name="libs.hamcrest.javadoc" value="" />
    <property name="libs.javac-api.src" value="" />
    <property name="do.jar" value="true" />
    <property name="java.vm.info" value="mixed mode, sharing" />
    <property name="libs.primefaces.classpath" value="E:\NetBeans-12.0\netbeans\enterprise\modules\ext\primefaces\primefaces-5.0.jar" />
    <property name="libs.jaxws21.maven-pom" value="" />
    <property name="run.test.classpath" value="C:\Users\soaka\Downloads\jlayer-1.0.1.jar\jlayer-1.0.1.jar:C:\Users\soaka\Downloads\AnimationClass\AnimatonClass.jar:build/classes:E:\NetBeans-12.0\netbeans\platform\modules\ext\junit-jupiter-api-5.6.0.jar;E:\NetBeans-12.0\netbeans\platform\modules\ext\junit-jupiter-params-5.6.0.jar;E:\NetBeans-12.0\netbeans\platform\modules\ext\junit-jupiter-engine-5.6.0.jar:E:\NetBeans-12.0\netbeans\platform\modules\ext\junit-4.12.jar:E:\NetBeans-12.0\netbeans\platform\modules\ext\hamcrest-core-1.3.jar:build/test/classes" />
    <property name="dist.jlink.output" value="dist/jlink/behappy_ant" />
    <property name="java.class.version" value="58.0" />
    <property name="javadoc.encoding.used" value="UTF-8" />
    <property name="src.dir" value="src" />
    <property name="libs.AnimationClass.classpath" value="C:\Users\soaka\Downloads\Animation Class (Version 1,5)\AnimatonClass.jar" />
    <property name="ant.project.default-target" value="default" />
    <property name="debug.classpath" value="C:\Users\soaka\Downloads\jlayer-1.0.1.jar\jlayer-1.0.1.jar:C:\Users\soaka\Downloads\AnimationClass\AnimatonClass.jar:build/classes" />
    <property name="excludes" value="" />
    <property name="libs.javaee-api-7.0.src" value="" />
    <property name="sun.jnu.encoding" value="Cp1252" />
    <property name="run.test.jvmargs" value="" />
    <property name="libs.junit_4.javadoc" value="E:\NetBeans-12.0\netbeans\platform\docs\junit-4.12-javadoc.jar" />
    <property name="libs.spring-webmvc4.0.src" value="" />
    <property name="sun.java2d.dpiaware" value="true" />
    <property name="main.class.available" value="true" />
    <property name="libs.jsf20.javadoc" value="E:\NetBeans-12.0\netbeans\enterprise\docs\javaee-doc-api.jar" />
    <property name="netbeans.importclass" value="org.netbeans.upgrade.AutoUpgrade" />
    <property name="netbeans.autoupdate.version" value="1.23" />
    <property name="empty.dir" value="F:\behappy\behappy_ant\build\empty" />
    <property name="netbeans.user" value="C:\Users\soaka\AppData\Roaming\NetBeans\12.0" />
    <property name="javac.includes.binary" value="F:\behappy\behappy_ant\build\test\classes\com\mycompany\behappy\FindTherapistManagerTest.class" />
    <property name="file.separator" value="\" />
    <property name="line.separator" value="&#xd;&#xa;" />
    <property name="javadoc.additionalparam" value="" />
    <property name="file.reference.jlayer-1.0.1.jar" value="C:\Users\soaka\Downloads\jlayer-1.0.1.jar\jlayer-1.0.1.jar" />
    <property name="libs.spring-webmvc5.0.classpath" value="E:\NetBeans-12.0\netbeans\java\modules\ext\spring-5\spring-webmvc-5.2.2.RELEASE.jar" />
    <property name="javac.debug" value="true" />
    <property name="libs.restlib.maven-pom" value="" />
    <property name="libs.testng.classpath" value="E:\NetBeans-12.0\netbeans\platform\modules\ext\testng-6.8.1-dist.jar" />
    <property name="libs.jsp-compiler.src" value="" />
    <property name="user.name" value="soaka" />
    <property name="libs.maven-dependencies.javadoc" value="E:\NetBeans-12.0\netbeans\enterprise\docs\javaee-doc-api.jar" />
    <property name="build.classes.dir" value="build/classes" />
    <property name="javadoc.windowtitle" value="" />
    <property name="nb.junit.single" value="false" />
    <property name="nb.internal.action.name" value="run.single" />
    <property name="libs.javaee-api-8.0.maven-pom" value="" />
    <property name="libs.jaxws21.src" value="" />
    <property name="libs.maven-dependencies.classpath" value="E:\NetBeans-12.0\netbeans\enterprise\modules\ext\javaee6-endorsed\javax.annotation.jar;E:\NetBeans-12.0\netbeans\enterprise\modules\ext\javaee6-endorsed\jaxb-api-osgi.jar;E:\NetBeans-12.0\netbeans\enterprise\modules\ext\javaee6-endorsed\webservices-api-osgi.jar" />
    <property name="jna.loaded" value="true" />
    <property name="libs.junit_5.maven-pom" value="" />
    <property name="libs.jpa20-persistence.javadoc" value="E:\NetBeans-12.0\netbeans\java\modules\ext\docs\javax.persistence-2.1.0-doc.zip" />
    <property name="ant.junit.enabletestlistenerevents" value="true" />
    <property name="libs.JWSAntTasks.src" value="" />
    <property name="ant.home" value="E:\NetBeans-12.0\netbeans\extide\ant" />
    <property name="libs.spring-webmvc3.0.src" value="" />
    <property name="have.tests" value="true" />
    <property name="debug.test.classpath" value="C:\Users\soaka\Downloads\jlayer-1.0.1.jar\jlayer-1.0.1.jar:C:\Users\soaka\Downloads\AnimationClass\AnimatonClass.jar:build/classes:E:\NetBeans-12.0\netbeans\platform\modules\ext\junit-jupiter-api-5.6.0.jar;E:\NetBeans-12.0\netbeans\platform\modules\ext\junit-jupiter-params-5.6.0.jar;E:\NetBeans-12.0\netbeans\platform\modules\ext\junit-jupiter-engine-5.6.0.jar:E:\NetBeans-12.0\netbeans\platform\modules\ext\junit-4.12.jar:E:\NetBeans-12.0\netbeans\platform\modules\ext\hamcrest-core-1.3.jar:build/test/classes" />
    <property name="javac.external.vm" value="true" />
    <property name="testng.debug.mode" value="" />
    <property name="javac.target" value="14" />
    <property name="ant.version" value="Apache Ant(TM) version 1.10.4 compiled on June 19 2018" />
    <property name="libs.absolutelayout.maven-pom" value="" />
    <property name="jdk.gtk.version" value="2.2" />
    <property name="java.failonerror" value="true" />
    <property name="libs.spring-framework500.src" value="" />
    <property name="javac.modulepath" value="" />
    <property name="user.properties.file" value="C:\Users\soaka\AppData\Roaming\NetBeans\12.0\build.properties" />
    <property name="libs.javaee-api-6.0.src" value="" />
    <property name="javac.includes" value="com/mycompany/behappy/FindTherapistManagerTest.java" />
    <property name="netbeans.autoupdate.country" value="IN" />
    <property name="java.class.path" value="C:\Users\soaka\Downloads\jlayer-1.0.1.jar\jlayer-1.0.1.jar;C:\Users\soaka\Downloads\AnimationClass\AnimatonClass.jar;F:\behappy\behappy_ant\build\classes;E:\NetBeans-12.0\netbeans\platform\modules\ext\junit-jupiter-api-5.6.0.jar;E:\NetBeans-12.0\netbeans\platform\modules\ext\junit-jupiter-params-5.6.0.jar;E:\NetBeans-12.0\netbeans\platform\modules\ext\junit-jupiter-engine-5.6.0.jar;E:\NetBeans-12.0\netbeans\platform\modules\ext\junit-4.12.jar;E:\NetBeans-12.0\netbeans\platform\modules\ext\hamcrest-core-1.3.jar;F:\behappy\behappy_ant\build\test\classes;E:\NetBeans-12.0\netbeans\extide\ant\lib\ant-launcher.jar;E:\NetBeans-12.0\netbeans\extide\ant\lib\ant.jar;E:\NetBeans-12.0\netbeans\extide\ant\lib\ant-junit.jar;E:\NetBeans-12.0\netbeans\extide\ant\lib\ant-junit4.jar" />
    <property name="libs.javaee-web-api-6.0.maven-pom" value="" />
    <property name="java.vm.vendor" value="Oracle Corporation" />
    <property name="ap.supported.internal" value="true" />
    <property name="user.variant" value="" />
    <property name="netbeans.home+have.tests" value="true" />
    <property name="test.binaryexcludes" value="" />
    <property name="javac.compilerargs" value="" />
    <property name="libs.jstl.maven-pom" value="" />
    <property name="sun.cpu.endian" value="little" />
    <property name="libs.junit_4.src" value="E:\NetBeans-12.0\netbeans\platform\docs\junit-4.12-sources.jar" />
    <property name="user.language" value="en" />
    <property name="copylibs.rebase" value="true" />
    <property name="libs.javaee-web-api-6.0.src" value="" />
    <property name="maven.defaultProjectBuilder.disableGlobalModelCache" value="true" />
    <property name="javadoc.nonavbar" value="false" />
    <property name="libs.javaee-api-8.0.src" value="" />
    <property name="ant.java.version" value="14" />
    <property name="libs.junit_4.classpath" value="E:\NetBeans-12.0\netbeans\platform\modules\ext\junit-4.12.jar" />
    <property name="jlink.launcher.name" value="behappy_ant" />
    <property name="test.binarytestincludes" value="" />
    <property name="sun.awt.keepWorkingSetOnMinimize" value="true" />
    <property name="libs.spring-webmvc5.0.maven-pom" value="" />
    <property name="libs.junit_4.maven-pom" value="" />
    <property name="runtime.encoding" value="UTF-8" />
    <property name="libs.jsp-compiler.maven-pom" value="" />
    <property name="jlink.additionalmodules" value="" />
    <property name="javac.classpath" value="C:\Users\soaka\Downloads\jlayer-1.0.1.jar\jlayer-1.0.1.jar:C:\Users\soaka\Downloads\AnimationClass\AnimatonClass.jar" />
    <property name="dist.jlink.dir" value="dist/jlink" />
    <property name="nb.junit.batch" value="true" />
    <property name="build.test.classes.dir" value="build/test/classes" />
    <property name="libs.spring-framework300.maven-pom" value="" />
    <property name="ant.project.invoked-targets" value="test-single" />
    <property name="libs.jstl.classpath" value="E:\NetBeans-12.0\netbeans\enterprise\modules\ext\jstl-impl.jar;E:\NetBeans-12.0\netbeans\enterprise\modules\ext\jstl-api.jar" />
    <property name="ap.cmd.line.internal" value="" />
    <property name="libs.PostgreSQLDriver.src" value="" />
    <property name="java.vendor.url.bug" value="https://bugreport.java.com/bugreport/" />
    <property name="annotation.processing.source.output" value="build/generated-sources/ap-source-output" />
    <property name="user.dir" value="F:\behappy\behappy_ant" />
    <property name="platform.java" value="C:\Program Files\Java\jdk-14.0.2/bin/java" />
    <property name="application.args" value="" />
    <property name="org.xml.sax.driver" value="com.sun.org.apache.xerces.internal.jaxp.SAXParserImpl$JAXPSAXParser" />
    <property name="libs.eclipselink.src" value="" />
    <property name="java.vm.version" value="14.0.2+12-46" />
    <property name="libs.metro.javadoc" value="E:\NetBeans-12.0\netbeans\enterprise\docs\webservices-api-javadoc.jar;E:\NetBeans-12.0\netbeans\enterprise\docs\webservices-extra-javadoc.jar;E:\NetBeans-12.0\netbeans\enterprise\docs\webservices-extra-api-javadoc.jar;E:\NetBeans-12.0\netbeans\enterprise\docs\webservices-rt-javadoc.jar;E:\NetBeans-12.0\netbeans\enterprise\docs\webservices-tools-javadoc.jar" />
    <property name="sun.awt.datatransfer.timeout" value="1000" />
    <property name="test.class" value="com.mycompany.behappy.FindTherapistManagerTest" />
    <property name="junit.forkmode" value="perTest" />
    <property name="annotation.processing.run.all.processors" value="true" />
    <property name="libs.javaee-web-api-7.0.src" value="" />
    <property name="libs.jsp-compiler.classpath" value="E:\NetBeans-12.0\netbeans\enterprise\ant\extra\jspcompile.jar" />
  </properties>
  <testcase classname="com.mycompany.behappy.FindTherapistManagerTest" name="testImportDatabase" time="0.124">
    <failure message="expected:&lt;null&gt; but was:&lt;[com.mycompany.behappy.Therapist@523884b2, com.mycompany.behappy.Therapist@5b275dab, com.mycompany.behappy.Therapist@61832929, com.mycompany.behappy.Therapist@29774679, com.mycompany.behappy.Therapist@3ffc5af1, com.mycompany.behappy.Therapist@5e5792a0, com.mycompany.behappy.Therapist@26653222, com.mycompany.behappy.Therapist@3532ec19, com.mycompany.behappy.Therapist@68c4039c, com.mycompany.behappy.Therapist@ae45eb6, com.mycompany.behappy.Therapist@59f99ea, com.mycompany.behappy.Therapist@27efef64, com.mycompany.behappy.Therapist@6f7fd0e6, com.mycompany.behappy.Therapist@47c62251, com.mycompany.behappy.Therapist@3e6fa38a, com.mycompany.behappy.Therapist@66a3ffec, com.mycompany.behappy.Therapist@77caeb3e, com.mycompany.behappy.Therapist@1e88b3c, com.mycompany.behappy.Therapist@42d80b78, com.mycompany.behappy.Therapist@3bfdc050, com.mycompany.behappy.Therapist@1bce4f0a, com.mycompany.behappy.Therapist@5e3a8624, com.mycompany.behappy.Therapist@5c3bd550, com.mycompany.behappy.Therapist@91161c7, com.mycompany.behappy.Therapist@604ed9f0, com.mycompany.behappy.Therapist@6a4f787b, com.mycompany.behappy.Therapist@685cb137, com.mycompany.behappy.Therapist@6a41eaa2, com.mycompany.behappy.Therapist@7cd62f43, com.mycompany.behappy.Therapist@6d4b1c02, com.mycompany.behappy.Therapist@6093dd95, com.mycompany.behappy.Therapist@5622fdf, com.mycompany.behappy.Therapist@4883b407, com.mycompany.behappy.Therapist@7d9d1a19, com.mycompany.behappy.Therapist@39c0f4a, com.mycompany.behappy.Therapist@1794d431, com.mycompany.behappy.Therapist@42e26948, com.mycompany.behappy.Therapist@57baeedf, com.mycompany.behappy.Therapist@343f4d3d, com.mycompany.behappy.Therapist@53b32d7, com.mycompany.behappy.Therapist@5442a311, com.mycompany.behappy.Therapist@548e7350, com.mycompany.behappy.Therapist@1a968a59, com.mycompany.behappy.Therapist@4667ae56, com.mycompany.behappy.Therapist@77cd7a0, com.mycompany.behappy.Therapist@204f30ec, com.mycompany.behappy.Therapist@e25b2fe, com.mycompany.behappy.Therapist@754ba872, com.mycompany.behappy.Therapist@146ba0ac, com.mycompany.behappy.Therapist@4dfa3a9d, com.mycompany.behappy.Therapist@6eebc39e, com.mycompany.behappy.Therapist@464bee09, com.mycompany.behappy.Therapist@f6c48ac, com.mycompany.behappy.Therapist@13deb50e, com.mycompany.behappy.Therapist@239963d8, com.mycompany.behappy.Therapist@3abbfa04, com.mycompany.behappy.Therapist@57fffcd7, com.mycompany.behappy.Therapist@31ef45e3, com.mycompany.behappy.Therapist@598067a5, com.mycompany.behappy.Therapist@3c0ecd4b, com.mycompany.behappy.Therapist@14bf9759, com.mycompany.behappy.Therapist@5f341870, com.mycompany.behappy.Therapist@553f17c, com.mycompany.behappy.Therapist@4f7d0008, com.mycompany.behappy.Therapist@271053e1, com.mycompany.behappy.Therapist@589838eb, com.mycompany.behappy.Therapist@42dafa95, com.mycompany.behappy.Therapist@6500df86, com.mycompany.behappy.Therapist@402a079c, com.mycompany.behappy.Therapist@59ec2012, com.mycompany.behappy.Therapist@4cf777e8, com.mycompany.behappy.Therapist@2f686d1f, com.mycompany.behappy.Therapist@3fee9989, com.mycompany.behappy.Therapist@73ad2d6, com.mycompany.behappy.Therapist@7085bdee, com.mycompany.behappy.Therapist@1ce92674, com.mycompany.behappy.Therapist@5700d6b1, com.mycompany.behappy.Therapist@6fd02e5, com.mycompany.behappy.Therapist@5bcab519, com.mycompany.behappy.Therapist@e45f292, com.mycompany.behappy.Therapist@5f2108b5, com.mycompany.behappy.Therapist@31a5c39e, com.mycompany.behappy.Therapist@3f49dace, com.mycompany.behappy.Therapist@1e397ed7, com.mycompany.behappy.Therapist@490ab905, com.mycompany.behappy.Therapist@56ac3a89, com.mycompany.behappy.Therapist@27c20538, com.mycompany.behappy.Therapist@72d818d1, com.mycompany.behappy.Therapist@6e06451e, com.mycompany.behappy.Therapist@59494225, com.mycompany.behappy.Therapist@6e1567f1, com.mycompany.behappy.Therapist@5cb9f472, com.mycompany.behappy.Therapist@cb644e, com.mycompany.behappy.Therapist@13805618, com.mycompany.behappy.Therapist@56ef9176, com.mycompany.behappy.Therapist@4566e5bd, com.mycompany.behappy.Therapist@1ed4004b, com.mycompany.behappy.Therapist@ff5b51f, com.mycompany.behappy.Therapist@25bbe1b6, com.mycompany.behappy.Therapist@5702b3b1, com.mycompany.behappy.Therapist@69ea3742, com.mycompany.behappy.Therapist@4b952a2d, com.mycompany.behappy.Therapist@3159c4b8, com.mycompany.behappy.Therapist@73846619, com.mycompany.behappy.Therapist@4bec1f0c, com.mycompany.behappy.Therapist@29ca901e, com.mycompany.behappy.Therapist@5649fd9b, com.mycompany.behappy.Therapist@6adede5, com.mycompany.behappy.Therapist@2d928643, com.mycompany.behappy.Therapist@5025a98f, com.mycompany.behappy.Therapist@49993335, com.mycompany.behappy.Therapist@20322d26, com.mycompany.behappy.Therapist@192b07fd, com.mycompany.behappy.Therapist@64bfbc86, com.mycompany.behappy.Therapist@64bf3bbf, com.mycompany.behappy.Therapist@55d56113, com.mycompany.behappy.Therapist@148080bb, com.mycompany.behappy.Therapist@dc24521, com.mycompany.behappy.Therapist@10bdf5e5, com.mycompany.behappy.Therapist@6e1ec318, com.mycompany.behappy.Therapist@7e0b0338, com.mycompany.behappy.Therapist@617faa95, com.mycompany.behappy.Therapist@1e127982, com.mycompany.behappy.Therapist@60c6f5b, com.mycompany.behappy.Therapist@2038ae61, com.mycompany.behappy.Therapist@3c0f93f1, com.mycompany.behappy.Therapist@31dc339b, com.mycompany.behappy.Therapist@544fe44c, com.mycompany.behappy.Therapist@31610302, com.mycompany.behappy.Therapist@71318ec4, com.mycompany.behappy.Therapist@21213b92, com.mycompany.behappy.Therapist@a67c67e, com.mycompany.behappy.Therapist@3327bd23, com.mycompany.behappy.Therapist@4e1d422d, com.mycompany.behappy.Therapist@66480dd7, com.mycompany.behappy.Therapist@52a86356, com.mycompany.behappy.Therapist@5ce81285, com.mycompany.behappy.Therapist@78c03f1f, com.mycompany.behappy.Therapist@5ec0a365, com.mycompany.behappy.Therapist@4fe3c938]&gt;" type="junit.framework.AssertionFailedError">junit.framework.AssertionFailedError: expected:&lt;null&gt; but was:&lt;[com.mycompany.behappy.Therapist@523884b2, com.mycompany.behappy.Therapist@5b275dab, com.mycompany.behappy.Therapist@61832929, com.mycompany.behappy.Therapist@29774679, com.mycompany.behappy.Therapist@3ffc5af1, com.mycompany.behappy.Therapist@5e5792a0, com.mycompany.behappy.Therapist@26653222, com.mycompany.behappy.Therapist@3532ec19, com.mycompany.behappy.Therapist@68c4039c, com.mycompany.behappy.Therapist@ae45eb6, com.mycompany.behappy.Therapist@59f99ea, com.mycompany.behappy.Therapist@27efef64, com.mycompany.behappy.Therapist@6f7fd0e6, com.mycompany.behappy.Therapist@47c62251, com.mycompany.behappy.Therapist@3e6fa38a, com.mycompany.behappy.Therapist@66a3ffec, com.mycompany.behappy.Therapist@77caeb3e, com.mycompany.behappy.Therapist@1e88b3c, com.mycompany.behappy.Therapist@42d80b78, com.mycompany.behappy.Therapist@3bfdc050, com.mycompany.behappy.Therapist@1bce4f0a, com.mycompany.behappy.Therapist@5e3a8624, com.mycompany.behappy.Therapist@5c3bd550, com.mycompany.behappy.Therapist@91161c7, com.mycompany.behappy.Therapist@604ed9f0, com.mycompany.behappy.Therapist@6a4f787b, com.mycompany.behappy.Therapist@685cb137, com.mycompany.behappy.Therapist@6a41eaa2, com.mycompany.behappy.Therapist@7cd62f43, com.mycompany.behappy.Therapist@6d4b1c02, com.mycompany.behappy.Therapist@6093dd95, com.mycompany.behappy.Therapist@5622fdf, com.mycompany.behappy.Therapist@4883b407, com.mycompany.behappy.Therapist@7d9d1a19, com.mycompany.behappy.Therapist@39c0f4a, com.mycompany.behappy.Therapist@1794d431, com.mycompany.behappy.Therapist@42e26948, com.mycompany.behappy.Therapist@57baeedf, com.mycompany.behappy.Therapist@343f4d3d, com.mycompany.behappy.Therapist@53b32d7, com.mycompany.behappy.Therapist@5442a311, com.mycompany.behappy.Therapist@548e7350, com.mycompany.behappy.Therapist@1a968a59, com.mycompany.behappy.Therapist@4667ae56, com.mycompany.behappy.Therapist@77cd7a0, com.mycompany.behappy.Therapist@204f30ec, com.mycompany.behappy.Therapist@e25b2fe, com.mycompany.behappy.Therapist@754ba872, com.mycompany.behappy.Therapist@146ba0ac, com.mycompany.behappy.Therapist@4dfa3a9d, com.mycompany.behappy.Therapist@6eebc39e, com.mycompany.behappy.Therapist@464bee09, com.mycompany.behappy.Therapist@f6c48ac, com.mycompany.behappy.Therapist@13deb50e, com.mycompany.behappy.Therapist@239963d8, com.mycompany.behappy.Therapist@3abbfa04, com.mycompany.behappy.Therapist@57fffcd7, com.mycompany.behappy.Therapist@31ef45e3, com.mycompany.behappy.Therapist@598067a5, com.mycompany.behappy.Therapist@3c0ecd4b, com.mycompany.behappy.Therapist@14bf9759, com.mycompany.behappy.Therapist@5f341870, com.mycompany.behappy.Therapist@553f17c, com.mycompany.behappy.Therapist@4f7d0008, com.mycompany.behappy.Therapist@271053e1, com.mycompany.behappy.Therapist@589838eb, com.mycompany.behappy.Therapist@42dafa95, com.mycompany.behappy.Therapist@6500df86, com.mycompany.behappy.Therapist@402a079c, com.mycompany.behappy.Therapist@59ec2012, com.mycompany.behappy.Therapist@4cf777e8, com.mycompany.behappy.Therapist@2f686d1f, com.mycompany.behappy.Therapist@3fee9989, com.mycompany.behappy.Therapist@73ad2d6, com.mycompany.behappy.Therapist@7085bdee, com.mycompany.behappy.Therapist@1ce92674, com.mycompany.behappy.Therapist@5700d6b1, com.mycompany.behappy.Therapist@6fd02e5, com.mycompany.behappy.Therapist@5bcab519, com.mycompany.behappy.Therapist@e45f292, com.mycompany.behappy.Therapist@5f2108b5, com.mycompany.behappy.Therapist@31a5c39e, com.mycompany.behappy.Therapist@3f49dace, com.mycompany.behappy.Therapist@1e397ed7, com.mycompany.behappy.Therapist@490ab905, com.mycompany.behappy.Therapist@56ac3a89, com.mycompany.behappy.Therapist@27c20538, com.mycompany.behappy.Therapist@72d818d1, com.mycompany.behappy.Therapist@6e06451e, com.mycompany.behappy.Therapist@59494225, com.mycompany.behappy.Therapist@6e1567f1, com.mycompany.behappy.Therapist@5cb9f472, com.mycompany.behappy.Therapist@cb644e, com.mycompany.behappy.Therapist@13805618, com.mycompany.behappy.Therapist@56ef9176, com.mycompany.behappy.Therapist@4566e5bd, com.mycompany.behappy.Therapist@1ed4004b, com.mycompany.behappy.Therapist@ff5b51f, com.mycompany.behappy.Therapist@25bbe1b6, com.mycompany.behappy.Therapist@5702b3b1, com.mycompany.behappy.Therapist@69ea3742, com.mycompany.behappy.Therapist@4b952a2d, com.mycompany.behappy.Therapist@3159c4b8, com.mycompany.behappy.Therapist@73846619, com.mycompany.behappy.Therapist@4bec1f0c, com.mycompany.behappy.Therapist@29ca901e, com.mycompany.behappy.Therapist@5649fd9b, com.mycompany.behappy.Therapist@6adede5, com.mycompany.behappy.Therapist@2d928643, com.mycompany.behappy.Therapist@5025a98f, com.mycompany.behappy.Therapist@49993335, com.mycompany.behappy.Therapist@20322d26, com.mycompany.behappy.Therapist@192b07fd, com.mycompany.behappy.Therapist@64bfbc86, com.mycompany.behappy.Therapist@64bf3bbf, com.mycompany.behappy.Therapist@55d56113, com.mycompany.behappy.Therapist@148080bb, com.mycompany.behappy.Therapist@dc24521, com.mycompany.behappy.Therapist@10bdf5e5, com.mycompany.behappy.Therapist@6e1ec318, com.mycompany.behappy.Therapist@7e0b0338, com.mycompany.behappy.Therapist@617faa95, com.mycompany.behappy.Therapist@1e127982, com.mycompany.behappy.Therapist@60c6f5b, com.mycompany.behappy.Therapist@2038ae61, com.mycompany.behappy.Therapist@3c0f93f1, com.mycompany.behappy.Therapist@31dc339b, com.mycompany.behappy.Therapist@544fe44c, com.mycompany.behappy.Therapist@31610302, com.mycompany.behappy.Therapist@71318ec4, com.mycompany.behappy.Therapist@21213b92, com.mycompany.behappy.Therapist@a67c67e, com.mycompany.behappy.Therapist@3327bd23, com.mycompany.behappy.Therapist@4e1d422d, com.mycompany.behappy.Therapist@66480dd7, com.mycompany.behappy.Therapist@52a86356, com.mycompany.behappy.Therapist@5ce81285, com.mycompany.behappy.Therapist@78c03f1f, com.mycompany.behappy.Therapist@5ec0a365, com.mycompany.behappy.Therapist@4fe3c938]&gt;
	at com.mycompany.behappy.FindTherapistManagerTest.testImportDatabase(FindTherapistManagerTest.java:49)
	at java.base/jdk.internal.reflect.NativeMethodAccessorImpl.invoke0(Native Method)
	at java.base/jdk.internal.reflect.NativeMethodAccessorImpl.invoke(NativeMethodAccessorImpl.java:62)
	at java.base/jdk.internal.reflect.DelegatingMethodAccessorImpl.invoke(DelegatingMethodAccessorImpl.java:43)
</failure>
  </testcase>
  <testcase classname="com.mycompany.behappy.FindTherapistManagerTest" name="testRecommend" time="0.006">
    <failure message="expected:&lt;null&gt; but was:&lt;[]&gt;" type="junit.framework.AssertionFailedError">junit.framework.AssertionFailedError: expected:&lt;null&gt; but was:&lt;[]&gt;
	at com.mycompany.behappy.FindTherapistManagerTest.testRecommend(FindTherapistManagerTest.java:65)
	at java.base/jdk.internal.reflect.NativeMethodAccessorImpl.invoke0(Native Method)
	at java.base/jdk.internal.reflect.NativeMethodAccessorImpl.invoke(NativeMethodAccessorImpl.java:62)
	at java.base/jdk.internal.reflect.DelegatingMethodAccessorImpl.invoke(DelegatingMethodAccessorImpl.java:43)
</failure>
  </testcase>
  <system-out><![CDATA[importDatabase
recommend
]]></system-out>
  <system-err><![CDATA[]]></system-err>
</testsuite>
